[2024-08-31 19:45:23] INFO: Système démarré avec succès
[2024-08-31 19:45:24] INFO: Connexion à la base de données établie
[2024-08-31 19:45:25] INFO: Session utilisateur démarrée pour admin@academy.com
[2024-08-31 19:46:12] INFO: Nouveau cours créé: "Introduction aux Systèmes Embarqués"
[2024-08-31 19:46:45] INFO: Utilisateur student@academy.com s'est inscrit au cours "Machine Learning Avancé"
[2024-08-31 19:47:23] WARNING: Tentative de connexion échouée pour unknown@academy.com
[2024-08-31 19:47:45] INFO: Ressource "Guide TensorFlow" téléchargée par student@academy.com
[2024-08-31 19:48:12] INFO: Nouveau post forum créé par teacher@academy.com
[2024-08-31 19:48:34] INFO: Paramètres système mis à jour par admin@academy.com
[2024-08-31 19:49:01] INFO: Cache système vidé par admin@academy.com
[2024-08-31 19:49:15] ERROR: Erreur lors de l'envoi d'email à student@academy.com
[2024-08-31 19:49:30] INFO: Sauvegarde automatique de la base de données effectuée
[2024-08-31 19:50:00] INFO: Tâche de maintenance quotidienne terminée
[2024-08-31 19:50:23] INFO: Utilisateur admin@academy.com a consulté les logs système
[2024-08-31 19:51:12] INFO: Nouvelle certification "Expert IA" créée
[2024-08-31 19:51:45] INFO: Utilisateur teacher@academy.com a mis à jour son profil
[2024-08-31 19:52:10] INFO: Système de notifications activé
[2024-08-31 19:52:34] INFO: Synchronisation des données terminée
[2024-08-31 19:53:00] INFO: Vérification de sécurité effectuée - Aucune menace détectée
[2024-08-31 19:53:25] INFO: Mise à jour des statistiques utilisateur terminée
[2024-08-31 19:54:00] INFO: Nettoyage des sessions expirées effectué
